{"level":"info","message":"Hello from Acquisitions!","service":"acquisitions-api","timestamp":"2026-01-16T05:13:19.590Z"}
{"level":"info","message":"::1 - - [16/Jan/2026:05:13:19 +0000] \"GET / HTTP/1.1\" 304 - \"-\" \"Mozilla/5.0 (Windows NT 10.0; Win64; x64) AppleWebKit/537.36 (KHTML, like Gecko) Chrome/143.0.0.0 Safari/537.36\"","service":"acquisitions-api","timestamp":"2026-01-16T05:13:19.614Z"}
{"level":"info","message":"::1 - - [16/Jan/2026:05:13:20 +0000] \"GET /favicon.ico HTTP/1.1\" 404 150 \"-\" \"Mozilla/5.0 (Windows NT 10.0; Win64; x64) AppleWebKit/537.36 (KHTML, like Gecko) Chrome/143.0.0.0 Safari/537.36\"","service":"acquisitions-api","timestamp":"2026-01-16T05:13:20.895Z"}
{"level":"info","message":"Hello from Acquisitions!","service":"acquisitions-api","timestamp":"2026-01-16T18:34:09.220Z"}
{"level":"info","message":"::1 - - [16/Jan/2026:18:34:09 +0000] \"GET / HTTP/1.1\" 304 - \"-\" \"Mozilla/5.0 (Windows NT 10.0; Win64; x64) AppleWebKit/537.36 (KHTML, like Gecko) Chrome/143.0.0.0 Safari/537.36\"","service":"acquisitions-api","timestamp":"2026-01-16T18:34:09.246Z"}
{"level":"info","message":"::1 - - [16/Jan/2026:18:34:10 +0000] \"GET /favicon.ico HTTP/1.1\" 404 150 \"-\" \"Mozilla/5.0 (Windows NT 10.0; Win64; x64) AppleWebKit/537.36 (KHTML, like Gecko) Chrome/143.0.0.0 Safari/537.36\"","service":"acquisitions-api","timestamp":"2026-01-16T18:34:10.331Z"}
{"level":"info","message":"::1 - - [16/Jan/2026:18:34:14 +0000] \"GET /api HTTP/1.1\" 200 45 \"-\" \"Mozilla/5.0 (Windows NT 10.0; Win64; x64) AppleWebKit/537.36 (KHTML, like Gecko) Chrome/143.0.0.0 Safari/537.36\"","service":"acquisitions-api","timestamp":"2026-01-16T18:34:14.263Z"}
{"level":"info","message":"::1 - - [16/Jan/2026:18:34:20 +0000] \"GET /health HTTP/1.1\" 200 76 \"-\" \"Mozilla/5.0 (Windows NT 10.0; Win64; x64) AppleWebKit/537.36 (KHTML, like Gecko) Chrome/143.0.0.0 Safari/537.36\"","service":"acquisitions-api","timestamp":"2026-01-16T18:34:20.757Z"}
{"level":"info","message":"Hello from Acquisitions!","service":"acquisitions-api","timestamp":"2026-01-17T02:33:17.347Z"}
{"level":"info","message":"::1 - - [17/Jan/2026:02:33:17 +0000] \"GET / HTTP/1.1\" 304 - \"-\" \"Mozilla/5.0 (Windows NT 10.0; Win64; x64) AppleWebKit/537.36 (KHTML, like Gecko) Chrome/143.0.0.0 Safari/537.36\"","service":"acquisitions-api","timestamp":"2026-01-17T02:33:17.369Z"}
{"level":"info","message":"::1 - - [17/Jan/2026:02:33:50 +0000] \"GET /api/auth/sign-up HTTP/1.1\" 404 155 \"-\" \"Mozilla/5.0 (Windows NT 10.0; Win64; x64) AppleWebKit/537.36 (KHTML, like Gecko) Chrome/143.0.0.0 Safari/537.36\"","service":"acquisitions-api","timestamp":"2026-01-17T02:33:50.728Z"}
{"level":"info","message":"::1 - - [17/Jan/2026:02:34:24 +0000] \"GET /api/auth/sign-up HTTP/1.1\" 404 155 \"-\" \"PostmanRuntime/7.48.0\"","service":"acquisitions-api","timestamp":"2026-01-17T02:34:24.771Z"}
{"level":"error","message":"Signup error signupSchema is not defined","service":"acquisitions-api","stack":"ReferenceError: signupSchema is not defined\n    at signup (file:///home/juanda/lab/acquisitions/src/controllers/auth.controller.js:8:30)\n    at Layer.handleRequest (/home/juanda/lab/acquisitions/node_modules/router/lib/layer.js:152:17)\n    at next (/home/juanda/lab/acquisitions/node_modules/router/lib/route.js:157:13)\n    at Route.dispatch (/home/juanda/lab/acquisitions/node_modules/router/lib/route.js:117:3)\n    at handle (/home/juanda/lab/acquisitions/node_modules/router/index.js:435:11)\n    at Layer.handleRequest (/home/juanda/lab/acquisitions/node_modules/router/lib/layer.js:152:17)\n    at /home/juanda/lab/acquisitions/node_modules/router/index.js:295:15\n    at processParams (/home/juanda/lab/acquisitions/node_modules/router/index.js:582:12)\n    at next (/home/juanda/lab/acquisitions/node_modules/router/index.js:291:5)\n    at Function.handle (/home/juanda/lab/acquisitions/node_modules/router/index.js:186:3)","timestamp":"2026-01-17T02:35:40.828Z"}
{"level":"info","message":"::1 - - [17/Jan/2026:02:35:40 +0000] \"POST /api/auth/sign-up HTTP/1.1\" 500 1181 \"-\" \"PostmanRuntime/7.48.0\"","service":"acquisitions-api","timestamp":"2026-01-17T02:35:40.831Z"}
{"level":"info","message":"Hello from Acquisitions!","service":"acquisitions-api","timestamp":"2026-01-17T02:37:18.494Z"}
{"level":"info","message":"::1 - - [17/Jan/2026:02:37:18 +0000] \"GET / HTTP/1.1\" 200 24 \"-\" \"PostmanRuntime/7.48.0\"","service":"acquisitions-api","timestamp":"2026-01-17T02:37:18.496Z"}
{"level":"info","message":"::1 - - [17/Jan/2026:02:38:12 +0000] \"GET /api HTTP/1.1\" 200 45 \"-\" \"PostmanRuntime/7.48.0\"","service":"acquisitions-api","timestamp":"2026-01-17T02:38:12.256Z"}
{"level":"info","message":"::1 - - [17/Jan/2026:02:38:29 +0000] \"GET /health HTTP/1.1\" 200 77 \"-\" \"PostmanRuntime/7.48.0\"","service":"acquisitions-api","timestamp":"2026-01-17T02:38:29.335Z"}
{"level":"info","message":"::1 - - [17/Jan/2026:02:39:48 +0000] \"GET /api HTTP/1.1\" 200 45 \"-\" \"PostmanRuntime/7.48.0\"","service":"acquisitions-api","timestamp":"2026-01-17T02:39:48.409Z"}
{"level":"info","message":"::1 - - [17/Jan/2026:02:40:57 +0000] \"GET /api HTTP/1.1\" 200 45 \"-\" \"PostmanRuntime/7.48.0\"","service":"acquisitions-api","timestamp":"2026-01-17T02:40:57.900Z"}
{"level":"error","message":"Signup error signupSchema is not defined","service":"acquisitions-api","stack":"ReferenceError: signupSchema is not defined\n    at signup (file:///home/juanda/lab/acquisitions/src/controllers/auth.controller.js:8:30)\n    at Layer.handleRequest (/home/juanda/lab/acquisitions/node_modules/router/lib/layer.js:152:17)\n    at next (/home/juanda/lab/acquisitions/node_modules/router/lib/route.js:157:13)\n    at Route.dispatch (/home/juanda/lab/acquisitions/node_modules/router/lib/route.js:117:3)\n    at handle (/home/juanda/lab/acquisitions/node_modules/router/index.js:435:11)\n    at Layer.handleRequest (/home/juanda/lab/acquisitions/node_modules/router/lib/layer.js:152:17)\n    at /home/juanda/lab/acquisitions/node_modules/router/index.js:295:15\n    at processParams (/home/juanda/lab/acquisitions/node_modules/router/index.js:582:12)\n    at next (/home/juanda/lab/acquisitions/node_modules/router/index.js:291:5)\n    at Function.handle (/home/juanda/lab/acquisitions/node_modules/router/index.js:186:3)","timestamp":"2026-01-17T02:41:18.382Z"}
{"level":"info","message":"::1 - - [17/Jan/2026:02:41:18 +0000] \"POST /api/auth/sign-up HTTP/1.1\" 500 1181 \"-\" \"PostmanRuntime/7.48.0\"","service":"acquisitions-api","timestamp":"2026-01-17T02:41:18.385Z"}
{"level":"error","message":"Signup error signupSchema is not defined","service":"acquisitions-api","stack":"ReferenceError: signupSchema is not defined\n    at signup (file:///home/juanda/lab/acquisitions/src/controllers/auth.controller.js:8:30)\n    at Layer.handleRequest (/home/juanda/lab/acquisitions/node_modules/router/lib/layer.js:152:17)\n    at next (/home/juanda/lab/acquisitions/node_modules/router/lib/route.js:157:13)\n    at Route.dispatch (/home/juanda/lab/acquisitions/node_modules/router/lib/route.js:117:3)\n    at handle (/home/juanda/lab/acquisitions/node_modules/router/index.js:435:11)\n    at Layer.handleRequest (/home/juanda/lab/acquisitions/node_modules/router/lib/layer.js:152:17)\n    at /home/juanda/lab/acquisitions/node_modules/router/index.js:295:15\n    at processParams (/home/juanda/lab/acquisitions/node_modules/router/index.js:582:12)\n    at next (/home/juanda/lab/acquisitions/node_modules/router/index.js:291:5)\n    at Function.handle (/home/juanda/lab/acquisitions/node_modules/router/index.js:186:3)","timestamp":"2026-01-17T02:41:42.756Z"}
{"level":"info","message":"::1 - - [17/Jan/2026:02:41:42 +0000] \"POST /api/auth/sign-up HTTP/1.1\" 500 1181 \"-\" \"PostmanRuntime/7.48.0\"","service":"acquisitions-api","timestamp":"2026-01-17T02:41:42.758Z"}
{"level":"info","message":"::1 - - [17/Jan/2026:03:02:59 +0000] \"POST /api/auth/sign-up HTTP/1.1\" 400 95 \"-\" \"PostmanRuntime/7.48.0\"","service":"acquisitions-api","timestamp":"2026-01-17T03:02:59.045Z"}
{"level":"info","message":"::1 - - [17/Jan/2026:03:03:26 +0000] \"POST /api/auth/sign-up HTTP/1.1\" 400 95 \"-\" \"PostmanRuntime/7.48.0\"","service":"acquisitions-api","timestamp":"2026-01-17T03:03:26.707Z"}
{"level":"info","message":"::1 - - [17/Jan/2026:03:04:03 +0000] \"GET /api/auth/sign-up HTTP/1.1\" 404 155 \"-\" \"Mozilla/5.0 (Windows NT 10.0; Win64; x64) AppleWebKit/537.36 (KHTML, like Gecko) Chrome/143.0.0.0 Safari/537.36\"","service":"acquisitions-api","timestamp":"2026-01-17T03:04:03.396Z"}
{"level":"info","message":"::1 - - [17/Jan/2026:03:05:24 +0000] \"POST /api/auth/sign-up HTTP/1.1\" 400 92 \"-\" \"PostmanRuntime/7.48.0\"","service":"acquisitions-api","timestamp":"2026-01-17T03:05:24.987Z"}
{"level":"info","message":"::1 - - [17/Jan/2026:03:06:17 +0000] \"POST /api/auth/sign-up HTTP/1.1\" 400 92 \"-\" \"PostmanRuntime/7.48.0\"","service":"acquisitions-api","timestamp":"2026-01-17T03:06:17.727Z"}
{"level":"info","message":"::1 - - [17/Jan/2026:03:07:17 +0000] \"POST /api/auth/sign-up HTTP/1.1\" 400 92 \"-\" \"PostmanRuntime/7.48.0\"","service":"acquisitions-api","timestamp":"2026-01-17T03:07:17.264Z"}
{"level":"info","message":"::1 - - [17/Jan/2026:03:12:58 +0000] \"POST /api/auth/sign-up HTTP/1.1\" 400 92 \"-\" \"PostmanRuntime/7.48.0\"","service":"acquisitions-api","timestamp":"2026-01-17T03:12:58.741Z"}
{"level":"info","message":"::1 - - [17/Jan/2026:03:13:23 +0000] \"POST /api/auth/sign-up HTTP/1.1\" 400 92 \"-\" \"PostmanRuntime/7.48.0\"","service":"acquisitions-api","timestamp":"2026-01-17T03:13:23.948Z"}
{"level":"info","message":"::1 - - [17/Jan/2026:03:13:49 +0000] \"POST /api/auth/sign-up HTTP/1.1\" 400 92 \"-\" \"PostmanRuntime/7.48.0\"","service":"acquisitions-api","timestamp":"2026-01-17T03:13:49.133Z"}
{"level":"info","message":"::1 - - [17/Jan/2026:03:14:14 +0000] \"POST /api/auth/sign-up HTTP/1.1\" 400 92 \"-\" \"PostmanRuntime/7.48.0\"","service":"acquisitions-api","timestamp":"2026-01-17T03:14:14.986Z"}
{"level":"info","message":"::1 - - [17/Jan/2026:03:14:36 +0000] \"POST /api/auth/sign-up HTTP/1.1\" 400 92 \"-\" \"PostmanRuntime/7.48.0\"","service":"acquisitions-api","timestamp":"2026-01-17T03:14:36.113Z"}
{"level":"info","message":"::1 - - [17/Jan/2026:03:18:17 +0000] \"POST /api/auth/sign-up HTTP/1.1\" 400 92 \"-\" \"PostmanRuntime/7.48.0\"","service":"acquisitions-api","timestamp":"2026-01-17T03:18:17.042Z"}
{"level":"info","message":"::1 - - [17/Jan/2026:03:18:49 +0000] \"POST /api/auth/sign-up HTTP/1.1\" 400 92 \"-\" \"PostmanRuntime/7.48.0\"","service":"acquisitions-api","timestamp":"2026-01-17T03:18:49.941Z"}
{"level":"info","message":"::1 - - [17/Jan/2026:03:22:39 +0000] \"POST /api/auth/sign-up HTTP/1.1\" 400 92 \"-\" \"PostmanRuntime/7.48.0\"","service":"acquisitions-api","timestamp":"2026-01-17T03:22:39.672Z"}
{"level":"info","message":"::1 - - [17/Jan/2026:03:23:16 +0000] \"POST /api/auth/sign-up HTTP/1.1\" 400 92 \"-\" \"PostmanRuntime/7.48.0\"","service":"acquisitions-api","timestamp":"2026-01-17T03:23:16.087Z"}
{"level":"info","message":"::1 - - [17/Jan/2026:03:24:44 +0000] \"POST /api/auth/sign-up HTTP/1.1\" 400 92 \"-\" \"PostmanRuntime/7.48.0\"","service":"acquisitions-api","timestamp":"2026-01-17T03:24:44.531Z"}
{"level":"info","message":"::1 - - [17/Jan/2026:03:27:14 +0000] \"GET /api HTTP/1.1\" 200 45 \"-\" \"insomnia/11.1.0\"","service":"acquisitions-api","timestamp":"2026-01-17T03:27:14.912Z"}
{"level":"info","message":"::1 - - [17/Jan/2026:03:27:37 +0000] \"POST /api/auth/sign-up HTTP/1.1\" 400 92 \"-\" \"insomnia/11.1.0\"","service":"acquisitions-api","timestamp":"2026-01-17T03:27:37.467Z"}
{"level":"info","message":"User registered succesfully: juan.perez@example.com","service":"acquisitions-api","timestamp":"2026-01-17T03:28:34.118Z"}
{"level":"info","message":"::1 - - [17/Jan/2026:03:28:34 +0000] \"POST /api/auth/sign-up HTTP/1.1\" 201 126 \"-\" \"insomnia/11.1.0\"","service":"acquisitions-api","timestamp":"2026-01-17T03:28:34.119Z"}
{"level":"info","message":"User registered succesfully: juan.perez@example.com","service":"acquisitions-api","timestamp":"2026-01-17T03:28:47.612Z"}
{"level":"info","message":"::1 - - [17/Jan/2026:03:28:47 +0000] \"POST /api/auth/sign-up HTTP/1.1\" 201 126 \"-\" \"PostmanRuntime/7.48.0\"","service":"acquisitions-api","timestamp":"2026-01-17T03:28:47.614Z"}
{"level":"info","message":"::1 - - [17/Jan/2026:03:29:13 +0000] \"POST /api/auth/sign-up HTTP/1.1\" 400 92 \"-\" \"PostmanRuntime/7.48.0\"","service":"acquisitions-api","timestamp":"2026-01-17T03:29:13.294Z"}
{"level":"info","message":"::1 - - [17/Jan/2026:03:29:22 +0000] \"POST /api/auth/sign-up HTTP/1.1\" 400 92 \"-\" \"PostmanRuntime/7.48.0\"","service":"acquisitions-api","timestamp":"2026-01-17T03:29:22.714Z"}
{"level":"info","message":"::1 - - [17/Jan/2026:03:29:50 +0000] \"POST /api/auth/sign-up HTTP/1.1\" 400 92 \"-\" \"PostmanRuntime/7.48.0\"","service":"acquisitions-api","timestamp":"2026-01-17T03:29:50.422Z"}
{"level":"info","message":"::1 - - [17/Jan/2026:03:29:57 +0000] \"POST /api/auth/sign-up HTTP/1.1\" 400 92 \"-\" \"PostmanRuntime/7.48.0\"","service":"acquisitions-api","timestamp":"2026-01-17T03:29:57.783Z"}
{"level":"info","message":"::1 - - [17/Jan/2026:03:30:26 +0000] \"POST /api/auth/sign-up HTTP/1.1\" 400 92 \"-\" \"PostmanRuntime/7.48.0\"","service":"acquisitions-api","timestamp":"2026-01-17T03:30:26.506Z"}
{"level":"info","message":"::1 - - [17/Jan/2026:03:32:13 +0000] \"POST /api/auth/sign-up HTTP/1.1\" 400 92 \"-\" \"insomnia/11.1.0\"","service":"acquisitions-api","timestamp":"2026-01-17T03:32:13.162Z"}
{"level":"info","message":"::1 - - [17/Jan/2026:03:32:41 +0000] \"POST /api/auth/sign-up HTTP/1.1\" 400 92 \"-\" \"insomnia/11.1.0\"","service":"acquisitions-api","timestamp":"2026-01-17T03:32:41.271Z"}
{"level":"info","message":"::1 - - [17/Jan/2026:03:33:29 +0000] \"POST /api/auth/sign-up HTTP/1.1\" 400 92 \"-\" \"insomnia/11.1.0\"","service":"acquisitions-api","timestamp":"2026-01-17T03:33:29.198Z"}
{"level":"info","message":"User registered succesfully: juan@gmail.com","service":"acquisitions-api","timestamp":"2026-01-17T03:38:40.582Z"}
{"level":"info","message":"::1 - - [17/Jan/2026:03:38:40 +0000] \"POST /api/auth/sign-up HTTP/1.1\" 201 111 \"-\" \"PostmanRuntime/7.48.0\"","service":"acquisitions-api","timestamp":"2026-01-17T03:38:40.585Z"}
